<?xml version="1.0" encoding="UTF-8"?>
<!-- Generated by org.testng.reporters.JUnitXMLReporter -->
<testsuite ignored="0" hostname="DESKTOP-J57JIDL" failures="0" tests="5" name="Default test" time="16.158" errors="0" timestamp="2023-07-31T12:10:05 IST">
  <testcase classname="nimap.ntts.test.LoginPageValidation" name="openUrlInBrowser" time="10.497"/>
  <testcase classname="nimap.ntts.test.LoginPageValidation" name="loginWithValidCredentials" time="1.189"/>
  <testcase classname="nimap.ntts.test.LoginPageValidation" name="loginSuccessfulMsgValidation" time="3.279"/>
  <testcase classname="nimap.ntts.test.LoginPageValidation" name="goToMastersMenu" time="0.345"/>
  <testcase classname="nimap.ntts.test.LoginPageValidation" name="openUserSubMenu" time="0.402"/>
</testsuite> <!-- Default test -->
