<?xml version="1.0" encoding="UTF-8"?>
<testng-results ignored="0" total="16" passed="14" failed="2" skipped="0">
  <reporter-output>
  </reporter-output>
  <suite started-at="2023-08-17T11:27:00 IST" name="Default suite" finished-at="2023-08-17T11:30:26 IST" duration-ms="206138">
    <groups>
      <group name="cucumber">
        <method signature="AbstractTestNGCucumberTests.runScenario(io.cucumber.testng.PickleWrapper,io.cucumber.testng.FeatureWrapper)[pri:0, instance:cucumberOptions.TestNGTestRunner@32910148]" name="runScenario" class="io.cucumber.testng.AbstractTestNGCucumberTests"/>
      </group> <!-- cucumber -->
    </groups>
    <test started-at="2023-08-17T11:27:00 IST" name="Default test" finished-at="2023-08-17T11:30:26 IST" duration-ms="206138">
      <class name="cucumberOptions.TestNGTestRunner">
        <test-method is-config="true" signature="setUpClass(org.testng.ITestContext)[pri:0, instance:cucumberOptions.TestNGTestRunner@32910148]" started-at="2023-08-17T11:27:00 IST" name="setUpClass" finished-at="2023-08-17T11:27:02 IST" duration-ms="1785" status="PASS">
          <params>
            <param index="0">
              <value>
                <![CDATA[org.testng.TestRunner@2403c1c5]]>
              </value>
            </param>
          </params>
          <reporter-output>
          </reporter-output>
        </test-method> <!-- setUpClass -->
        <test-method signature="runScenario(io.cucumber.testng.PickleWrapper,io.cucumber.testng.FeatureWrapper)[pri:0, instance:cucumberOptions.TestNGTestRunner@32910148]" started-at="2023-08-17T11:27:02 IST" name="runScenario" description="Runs Cucumber Scenarios" data-provider="scenarios" finished-at="2023-08-17T11:27:16 IST" duration-ms="14081" status="PASS">
          <params>
            <param index="0">
              <value>
                <![CDATA["Verify Empplyee List when User Clicks on First Employee then User Will Redirect to Selected Employee Details Page"]]>
              </value>
            </param>
            <param index="1">
              <value>
                <![CDATA["Verify and Validate Masters Employee Module"]]>
              </value>
            </param>
          </params>
          <reporter-output>
          </reporter-output>
        </test-method> <!-- runScenario -->
        <test-method signature="runScenario(io.cucumber.testng.PickleWrapper,io.cucumber.testng.FeatureWrapper)[pri:0, instance:cucumberOptions.TestNGTestRunner@32910148]" started-at="2023-08-17T11:27:16 IST" name="runScenario" description="Runs Cucumber Scenarios" data-provider="scenarios" finished-at="2023-08-17T11:27:29 IST" duration-ms="12844" status="PASS">
          <params>
            <param index="0">
              <value>
                <![CDATA["Verify Empplyee List when User Clicks on First Employee then User Will Redirect to Selected Employee Details Page"]]>
              </value>
            </param>
            <param index="1">
              <value>
                <![CDATA["Verify and Validate Masters Employee Module"]]>
              </value>
            </param>
          </params>
          <reporter-output>
          </reporter-output>
        </test-method> <!-- runScenario -->
        <test-method signature="runScenario(io.cucumber.testng.PickleWrapper,io.cucumber.testng.FeatureWrapper)[pri:0, instance:cucumberOptions.TestNGTestRunner@32910148]" started-at="2023-08-17T11:27:29 IST" name="runScenario" description="Runs Cucumber Scenarios" data-provider="scenarios" finished-at="2023-08-17T11:27:38 IST" duration-ms="9459" status="PASS">
          <params>
            <param index="0">
              <value>
                <![CDATA["Verify Empplyee List when User Clicks on Active Employee Slider and User Verify Existing Employee is Available in List"]]>
              </value>
            </param>
            <param index="1">
              <value>
                <![CDATA["Verify and Validate Masters Employee Module"]]>
              </value>
            </param>
          </params>
          <reporter-output>
          </reporter-output>
        </test-method> <!-- runScenario -->
        <test-method signature="runScenario(io.cucumber.testng.PickleWrapper,io.cucumber.testng.FeatureWrapper)[pri:0, instance:cucumberOptions.TestNGTestRunner@32910148]" started-at="2023-08-17T11:27:38 IST" name="runScenario" description="Runs Cucumber Scenarios" data-provider="scenarios" finished-at="2023-08-17T11:27:58 IST" duration-ms="20056" status="PASS">
          <params>
            <param index="0">
              <value>
                <![CDATA["Verify when User Add New Employee"]]>
              </value>
            </param>
            <param index="1">
              <value>
                <![CDATA["Verify and Validate Masters Employee Module"]]>
              </value>
            </param>
          </params>
          <reporter-output>
          </reporter-output>
        </test-method> <!-- runScenario -->
        <test-method signature="runScenario(io.cucumber.testng.PickleWrapper,io.cucumber.testng.FeatureWrapper)[pri:0, instance:cucumberOptions.TestNGTestRunner@32910148]" started-at="2023-08-17T11:27:58 IST" name="runScenario" description="Runs Cucumber Scenarios" data-provider="scenarios" finished-at="2023-08-17T11:28:12 IST" duration-ms="13144" status="PASS">
          <params>
            <param index="0">
              <value>
                <![CDATA["Verify when User Apply Filter Condition"]]>
              </value>
            </param>
            <param index="1">
              <value>
                <![CDATA["Verify and Validate Masters Employee Module"]]>
              </value>
            </param>
          </params>
          <reporter-output>
          </reporter-output>
        </test-method> <!-- runScenario -->
        <test-method signature="runScenario(io.cucumber.testng.PickleWrapper,io.cucumber.testng.FeatureWrapper)[pri:0, instance:cucumberOptions.TestNGTestRunner@32910148]" started-at="2023-08-17T11:28:12 IST" name="runScenario" description="Runs Cucumber Scenarios" data-provider="scenarios" finished-at="2023-08-17T11:28:34 IST" duration-ms="22059" status="FAIL">
          <params>
            <param index="0">
              <value>
                <![CDATA["Verify User Can Edit and Save Employee Details"]]>
              </value>
            </param>
            <param index="1">
              <value>
                <![CDATA["Verify and Validate Masters Employee Module"]]>
              </value>
            </param>
          </params>
          <exception class="org.openqa.selenium.NoSuchElementException">
            <message>
              <![CDATA[no such element: Unable to locate element: {"method":"xpath","selector":"//div[contains(text(),'User Updated successfully')]"}
  (Session info: chrome=116.0.5845.96)
For documentation on this error, please visit: https://www.selenium.dev/documentation/webdriver/troubleshooting/errors#no-such-element-exception
Build info: version: '4.10.0', revision: 'c14d967899'
System info: os.name: 'Windows 10', os.arch: 'amd64', os.version: '10.0', java.version: '17.0.8'
Driver info: org.openqa.selenium.chrome.ChromeDriver
Command: [a203637e093c66497482e3bad89fede1, findElement {using=xpath, value=//div[contains(text(),'User Updated successfully')]}]
Capabilities {acceptInsecureCerts: false, browserName: chrome, browserVersion: 116.0.5845.96, chrome: {chromedriverVersion: 116.0.5845.96 (1a3918166880..., userDataDir: C:\Users\Nimap\AppData\Loca...}, fedcm:accounts: true, goog:chromeOptions: {debuggerAddress: localhost:63915}, networkConnectionEnabled: false, pageLoadStrategy: normal, platformName: windows, proxy: Proxy(), se:cdp: ws://localhost:63915/devtoo..., se:cdpVersion: 116.0.5845.96, setWindowRect: true, strictFileInteractability: false, timeouts: {implicit: 0, pageLoad: 300000, script: 30000}, unhandledPromptBehavior: dismiss and notify, webauthn:extension:credBlob: true, webauthn:extension:largeBlob: true, webauthn:extension:minPinLength: true, webauthn:extension:prf: true, webauthn:virtualAuthenticators: true}
Session ID: a203637e093c66497482e3bad89fede1]]>
            </message>
            <full-stacktrace>
              <![CDATA[org.openqa.selenium.NoSuchElementException: no such element: Unable to locate element: {"method":"xpath","selector":"//div[contains(text(),'User Updated successfully')]"}
  (Session info: chrome=116.0.5845.96)
For documentation on this error, please visit: https://www.selenium.dev/documentation/webdriver/troubleshooting/errors#no-such-element-exception
Build info: version: '4.10.0', revision: 'c14d967899'
System info: os.name: 'Windows 10', os.arch: 'amd64', os.version: '10.0', java.version: '17.0.8'
Driver info: org.openqa.selenium.chrome.ChromeDriver
Command: [a203637e093c66497482e3bad89fede1, findElement {using=xpath, value=//div[contains(text(),'User Updated successfully')]}]
Capabilities {acceptInsecureCerts: false, browserName: chrome, browserVersion: 116.0.5845.96, chrome: {chromedriverVersion: 116.0.5845.96 (1a3918166880..., userDataDir: C:\Users\Nimap\AppData\Loca...}, fedcm:accounts: true, goog:chromeOptions: {debuggerAddress: localhost:63915}, networkConnectionEnabled: false, pageLoadStrategy: normal, platformName: windows, proxy: Proxy(), se:cdp: ws://localhost:63915/devtoo..., se:cdpVersion: 116.0.5845.96, setWindowRect: true, strictFileInteractability: false, timeouts: {implicit: 0, pageLoad: 300000, script: 30000}, unhandledPromptBehavior: dismiss and notify, webauthn:extension:credBlob: true, webauthn:extension:largeBlob: true, webauthn:extension:minPinLength: true, webauthn:extension:prf: true, webauthn:virtualAuthenticators: true}
Session ID: a203637e093c66497482e3bad89fede1
at java.base/jdk.internal.reflect.NativeConstructorAccessorImpl.newInstance0(Native Method)
at java.base/jdk.internal.reflect.NativeConstructorAccessorImpl.newInstance(NativeConstructorAccessorImpl.java:77)
at java.base/jdk.internal.reflect.DelegatingConstructorAccessorImpl.newInstance(DelegatingConstructorAccessorImpl.java:45)
at java.base/java.lang.reflect.Constructor.newInstanceWithCaller(Constructor.java:499)
at java.base/java.lang.reflect.Constructor.newInstance(Constructor.java:480)
at org.openqa.selenium.remote.codec.w3c.W3CHttpResponseCodec.createException(W3CHttpResponseCodec.java:199)
at org.openqa.selenium.remote.codec.w3c.W3CHttpResponseCodec.decode(W3CHttpResponseCodec.java:132)
at org.openqa.selenium.remote.codec.w3c.W3CHttpResponseCodec.decode(W3CHttpResponseCodec.java:51)
at org.openqa.selenium.remote.HttpCommandExecutor.execute(HttpCommandExecutor.java:191)
at org.openqa.selenium.remote.service.DriverCommandExecutor.invokeExecute(DriverCommandExecutor.java:196)
at org.openqa.selenium.remote.service.DriverCommandExecutor.execute(DriverCommandExecutor.java:171)
at org.openqa.selenium.remote.RemoteWebDriver.execute(RemoteWebDriver.java:531)
at org.openqa.selenium.remote.ElementLocation$ElementFinder$2.findElement(ElementLocation.java:165)
at org.openqa.selenium.remote.ElementLocation.findElement(ElementLocation.java:59)
at org.openqa.selenium.remote.RemoteWebDriver.findElement(RemoteWebDriver.java:350)
at org.openqa.selenium.remote.RemoteWebDriver.findElement(RemoteWebDriver.java:344)
at org.openqa.selenium.support.pagefactory.DefaultElementLocator.findElement(DefaultElementLocator.java:68)
at org.openqa.selenium.support.pagefactory.internal.LocatingElementHandler.invoke(LocatingElementHandler.java:38)
at jdk.proxy2/jdk.proxy2.$Proxy30.isDisplayed(Unknown Source)
at nimap.ntts.stepDefinitions.UserLoginStepDefinition.user_verify_employee_details_edited_successfully(UserLoginStepDefinition.java:546)
at ✽.User Verify Employee Details Edited Successfully(file:///C:/Users/Nimap/eclipse-workspace/com-nimap-ntts/src/test/java/features/MastersEmployee.feature:82)
]]>
            </full-stacktrace>
          </exception> <!-- org.openqa.selenium.NoSuchElementException -->
          <reporter-output>
          </reporter-output>
        </test-method> <!-- runScenario -->
        <test-method signature="runScenario(io.cucumber.testng.PickleWrapper,io.cucumber.testng.FeatureWrapper)[pri:0, instance:cucumberOptions.TestNGTestRunner@32910148]" started-at="2023-08-17T11:28:34 IST" name="runScenario" description="Runs Cucumber Scenarios" data-provider="scenarios" finished-at="2023-08-17T11:28:53 IST" duration-ms="19688" status="FAIL">
          <params>
            <param index="0">
              <value>
                <![CDATA["Verify User Can Search, Delete Employee, and Verify Employee Deleted Successfully"]]>
              </value>
            </param>
            <param index="1">
              <value>
                <![CDATA["Verify and Validate Masters Employee Module"]]>
              </value>
            </param>
          </params>
          <exception class="java.lang.IndexOutOfBoundsException">
            <message>
              <![CDATA[Index 0 out of bounds for length 0]]>
            </message>
            <full-stacktrace>
              <![CDATA[java.lang.IndexOutOfBoundsException: Index 0 out of bounds for length 0
at java.base/jdk.internal.util.Preconditions.outOfBounds(Preconditions.java:64)
at java.base/jdk.internal.util.Preconditions.outOfBoundsCheckIndex(Preconditions.java:70)
at java.base/jdk.internal.util.Preconditions.checkIndex(Preconditions.java:266)
at java.base/java.util.Objects.checkIndex(Objects.java:359)
at java.base/java.util.ArrayList.get(ArrayList.java:427)
at java.base/jdk.internal.reflect.GeneratedMethodAccessor85.invoke(Unknown Source)
at java.base/jdk.internal.reflect.DelegatingMethodAccessorImpl.invoke(DelegatingMethodAccessorImpl.java:43)
at java.base/java.lang.reflect.Method.invoke(Method.java:568)
at org.openqa.selenium.support.pagefactory.internal.LocatingElementListHandler.invoke(LocatingElementListHandler.java:39)
at jdk.proxy2/jdk.proxy2.$Proxy31.get(Unknown Source)
at nimap.ntts.stepDefinitions.UserLoginStepDefinition.user_clicks_on_delete_employee_button(UserLoginStepDefinition.java:557)
at ✽.User Clicks on Delete Employee button(file:///C:/Users/Nimap/eclipse-workspace/com-nimap-ntts/src/test/java/features/MastersEmployee.feature:94)
]]>
            </full-stacktrace>
          </exception> <!-- java.lang.IndexOutOfBoundsException -->
          <reporter-output>
          </reporter-output>
        </test-method> <!-- runScenario -->
        <test-method signature="runScenario(io.cucumber.testng.PickleWrapper,io.cucumber.testng.FeatureWrapper)[pri:0, instance:cucumberOptions.TestNGTestRunner@32910148]" started-at="2023-08-17T11:28:53 IST" name="runScenario" description="Runs Cucumber Scenarios" data-provider="scenarios" finished-at="2023-08-17T11:29:03 IST" duration-ms="9492" status="PASS">
          <params>
            <param index="0">
              <value>
                <![CDATA["Verify Empplyee List when User Clicks on Deleted Employee Slider and User Verify Deleted Employee Name is Available in List"]]>
              </value>
            </param>
            <param index="1">
              <value>
                <![CDATA["Verify and Validate Masters Employee Module"]]>
              </value>
            </param>
          </params>
          <reporter-output>
          </reporter-output>
        </test-method> <!-- runScenario -->
        <test-method signature="runScenario(io.cucumber.testng.PickleWrapper,io.cucumber.testng.FeatureWrapper)[pri:0, instance:cucumberOptions.TestNGTestRunner@32910148]" started-at="2023-08-17T11:29:03 IST" name="runScenario" description="Runs Cucumber Scenarios" data-provider="scenarios" finished-at="2023-08-17T11:29:13 IST" duration-ms="10630" status="PASS">
          <params>
            <param index="0">
              <value>
                <![CDATA["Verify Topic List when User Clicks on First Employee then User Will Redirect to Selected Employee Details Page"]]>
              </value>
            </param>
            <param index="1">
              <value>
                <![CDATA["Verify and Validate Masters Topic Module"]]>
              </value>
            </param>
          </params>
          <reporter-output>
          </reporter-output>
        </test-method> <!-- runScenario -->
        <test-method signature="runScenario(io.cucumber.testng.PickleWrapper,io.cucumber.testng.FeatureWrapper)[pri:0, instance:cucumberOptions.TestNGTestRunner@32910148]" started-at="2023-08-17T11:29:13 IST" name="runScenario" description="Runs Cucumber Scenarios" data-provider="scenarios" finished-at="2023-08-17T11:29:29 IST" duration-ms="15525" status="PASS">
          <params>
            <param index="0">
              <value>
                <![CDATA["Verify Topic List when User Clicks on First Employee then User Will Redirect to Selected Employee Details Page"]]>
              </value>
            </param>
            <param index="1">
              <value>
                <![CDATA["Verify and Validate Masters Topic Module"]]>
              </value>
            </param>
          </params>
          <reporter-output>
          </reporter-output>
        </test-method> <!-- runScenario -->
        <test-method signature="runScenario(io.cucumber.testng.PickleWrapper,io.cucumber.testng.FeatureWrapper)[pri:0, instance:cucumberOptions.TestNGTestRunner@32910148]" started-at="2023-08-17T11:29:29 IST" name="runScenario" description="Runs Cucumber Scenarios" data-provider="scenarios" finished-at="2023-08-17T11:29:40 IST" duration-ms="11315" status="PASS">
          <params>
            <param index="0">
              <value>
                <![CDATA["Login With Valid Data"]]>
              </value>
            </param>
            <param index="1">
              <value>
                <![CDATA["Verify and Validate User Login"]]>
              </value>
            </param>
          </params>
          <reporter-output>
          </reporter-output>
        </test-method> <!-- runScenario -->
        <test-method signature="runScenario(io.cucumber.testng.PickleWrapper,io.cucumber.testng.FeatureWrapper)[pri:0, instance:cucumberOptions.TestNGTestRunner@32910148]" started-at="2023-08-17T11:29:40 IST" name="runScenario" description="Runs Cucumber Scenarios" data-provider="scenarios" finished-at="2023-08-17T11:29:48 IST" duration-ms="7703" status="PASS">
          <params>
            <param index="0">
              <value>
                <![CDATA["Verify The Login with Invalid Inputs"]]>
              </value>
            </param>
            <param index="1">
              <value>
                <![CDATA["Verify and Validate User Login"]]>
              </value>
            </param>
          </params>
          <reporter-output>
          </reporter-output>
        </test-method> <!-- runScenario -->
        <test-method signature="runScenario(io.cucumber.testng.PickleWrapper,io.cucumber.testng.FeatureWrapper)[pri:0, instance:cucumberOptions.TestNGTestRunner@32910148]" started-at="2023-08-17T11:29:48 IST" name="runScenario" description="Runs Cucumber Scenarios" data-provider="scenarios" finished-at="2023-08-17T11:29:56 IST" duration-ms="8046" status="PASS">
          <params>
            <param index="0">
              <value>
                <![CDATA["Verify The Login with Invalid Inputs"]]>
              </value>
            </param>
            <param index="1">
              <value>
                <![CDATA["Verify and Validate User Login"]]>
              </value>
            </param>
          </params>
          <reporter-output>
          </reporter-output>
        </test-method> <!-- runScenario -->
        <test-method signature="runScenario(io.cucumber.testng.PickleWrapper,io.cucumber.testng.FeatureWrapper)[pri:0, instance:cucumberOptions.TestNGTestRunner@32910148]" started-at="2023-08-17T11:29:56 IST" name="runScenario" description="Runs Cucumber Scenarios" data-provider="scenarios" finished-at="2023-08-17T11:30:07 IST" duration-ms="11171" status="PASS">
          <params>
            <param index="0">
              <value>
                <![CDATA["Verify The Forgot Password Link"]]>
              </value>
            </param>
            <param index="1">
              <value>
                <![CDATA["Verify and Validate User Login"]]>
              </value>
            </param>
          </params>
          <reporter-output>
          </reporter-output>
        </test-method> <!-- runScenario -->
        <test-method signature="runScenario(io.cucumber.testng.PickleWrapper,io.cucumber.testng.FeatureWrapper)[pri:0, instance:cucumberOptions.TestNGTestRunner@32910148]" started-at="2023-08-17T11:30:07 IST" name="runScenario" description="Runs Cucumber Scenarios" data-provider="scenarios" finished-at="2023-08-17T11:30:19 IST" duration-ms="11488" status="PASS">
          <params>
            <param index="0">
              <value>
                <![CDATA["Verify Sign In With Invalid OTP"]]>
              </value>
            </param>
            <param index="1">
              <value>
                <![CDATA["Verify and Validate User Login"]]>
              </value>
            </param>
          </params>
          <reporter-output>
          </reporter-output>
        </test-method> <!-- runScenario -->
        <test-method signature="runScenario(io.cucumber.testng.PickleWrapper,io.cucumber.testng.FeatureWrapper)[pri:0, instance:cucumberOptions.TestNGTestRunner@32910148]" started-at="2023-08-17T11:30:19 IST" name="runScenario" description="Runs Cucumber Scenarios" data-provider="scenarios" finished-at="2023-08-17T11:30:25 IST" duration-ms="6776" status="PASS">
          <params>
            <param index="0">
              <value>
                <![CDATA["Verify Sign In With OTP Link and User Enter Invalid Email"]]>
              </value>
            </param>
            <param index="1">
              <value>
                <![CDATA["Verify and Validate User Login"]]>
              </value>
            </param>
          </params>
          <reporter-output>
          </reporter-output>
        </test-method> <!-- runScenario -->
        <test-method is-config="true" signature="tearDownClass()[pri:0, instance:cucumberOptions.TestNGTestRunner@32910148]" started-at="2023-08-17T11:30:26 IST" name="tearDownClass" finished-at="2023-08-17T11:30:26 IST" duration-ms="713" status="PASS">
          <reporter-output>
          </reporter-output>
        </test-method> <!-- tearDownClass -->
      </class> <!-- cucumberOptions.TestNGTestRunner -->
    </test> <!-- Default test -->
  </suite> <!-- Default suite -->
</testng-results>
